#
# There is insufficient memory for the Java Runtime Environment to continue.
# Native memory allocation (malloc) failed to allocate 1842736 bytes for Chunk::new
# Possible reasons:
#   The system is out of physical RAM or swap space
#   The process is running with CompressedOops enabled, and the Java Heap may be blocking the growth of the native heap
# Possible solutions:
#   Reduce memory load on the system
#   Increase physical memory or swap space
#   Check if swap backing store is full
#   Decrease Java heap size (-Xmx/-Xms)
#   Decrease number of Java threads
#   Decrease Java thread stack sizes (-Xss)
#   Set larger code cache with -XX:ReservedCodeCacheSize=
#   JVM is running with Unscaled Compressed Oops mode in which the Java heap is
#     placed in the first 4GB address space. The Java Heap base address is the
#     maximum limit for the native heap growth. Please use -XX:HeapBaseMinAddress
#     to set the Java Heap base and to place the Java Heap above 4GB virtual address.
# This output file may be truncated or incomplete.
#
#  Out of Memory Error (allocation.cpp:389), pid=14716, tid=0x0000000000003a00
#
# JRE version: OpenJDK Runtime Environment (8.0_202-b03) (build 1.8.0_202-release-1483-b03)
# Java VM: OpenJDK 64-Bit Server VM (25.202-b03 mixed mode windows-amd64 compressed oops)
# Failed to write core dump. Minidumps are not enabled by default on client versions of Windows
#

---------------  T H R E A D  ---------------

Current thread (0x0000000016e3c800):  JavaThread "C2 CompilerThread0" daemon [_thread_in_native, id=14848, stack(0x00000000187f0000,0x00000000188f0000)]

Stack: [0x00000000187f0000,0x00000000188f0000]
[error occurred during error reporting (printing stack bounds), id 0xc0000005]

Native frames: (J=compiled Java code, j=interpreted, Vv=VM code, C=native code)


Current CompileTask:
C2:  11193 4060   !   4       com.sun.beans.TypeResolver::resolve (274 bytes)


---------------  P R O C E S S  ---------------

Java Threads: ( => current thread )
  0x000000001a9ac000 JavaThread "Cache worker for Build Output Cleanup Cache (D:\Documents\GitHub\RedHouse\MyApplication\.gradle\buildOutputCleanup)" [_thread_blocked, id=15152, stack(0x00000000218f0000,0x00000000219f0000)]
  0x000000001a9a9000 JavaThread "Build operations Thread 4" [_thread_blocked, id=15128, stack(0x00000000213f0000,0x00000000214f0000)]
  0x000000001a9ad800 JavaThread "Build operations Thread 3" [_thread_blocked, id=15124, stack(0x00000000212f0000,0x00000000213f0000)]
  0x000000001a9ab000 JavaThread "Build operations Thread 2" [_thread_blocked, id=15120, stack(0x0000000020fb0000,0x00000000210b0000)]
  0x000000001a9ae000 JavaThread "Build operations" [_thread_blocked, id=15116, stack(0x0000000020eb0000,0x0000000020fb0000)]
  0x000000001a9af800 JavaThread "Cache worker for execution history cache (C:\Users\Lenovo\.gradle\caches\5.4.1\executionHistory)" [_thread_blocked, id=15112, stack(0x0000000020b90000,0x0000000020c90000)]
  0x000000001a9aa800 JavaThread "Cache worker for cache directory md-rule (C:\Users\Lenovo\.gradle\caches\5.4.1\md-rule)" [_thread_blocked, id=15108, stack(0x0000000020a90000,0x0000000020b90000)]
  0x000000001989a000 JavaThread "Cache worker for cache directory md-supplier (C:\Users\Lenovo\.gradle\caches\5.4.1\md-supplier)" [_thread_blocked, id=15104, stack(0x000000001f580000,0x000000001f680000)]
  0x0000000019895800 JavaThread "Cache worker for file hash cache (D:\Documents\GitHub\RedHouse\MyApplication\.gradle\5.4.1\fileHashes)" [_thread_blocked, id=14968, stack(0x000000001ee80000,0x000000001ef80000)]
  0x000000001989b800 JavaThread "Cache worker for journal cache (C:\Users\Lenovo\.gradle\caches\journal-1)" [_thread_blocked, id=14964, stack(0x000000001c740000,0x000000001c840000)]
  0x0000000019895000 JavaThread "File lock request listener" [_thread_in_native, id=14960, stack(0x000000001c640000,0x000000001c740000)]
  0x000000001989b000 JavaThread "Cache worker for file hash cache (C:\Users\Lenovo\.gradle\caches\5.4.1\fileHashes)" [_thread_blocked, id=14956, stack(0x000000001c340000,0x000000001c440000)]
  0x0000000019a08000 JavaThread "Thread-9" [_thread_blocked, id=14948, stack(0x000000001c240000,0x000000001c340000)]
  0x0000000019a04800 JavaThread "Stdin handler" [_thread_blocked, id=14944, stack(0x000000001c140000,0x000000001c240000)]
  0x0000000019a04000 JavaThread "Asynchronous log dispatcher for DefaultDaemonConnection: socket connection from /127.0.0.1:55133 to /127.0.0.1:55134" [_thread_blocked, id=14940, stack(0x000000001c040000,0x000000001c140000)]
  0x00000000198a8800 JavaThread "Daemon worker" [_thread_in_Java, id=14928, stack(0x000000001bf40000,0x000000001c040000)]
  0x00000000198b6800 JavaThread "Cancel handler" [_thread_blocked, id=14924, stack(0x000000001be40000,0x000000001bf40000)]
  0x0000000019c53800 JavaThread "Handler for socket connection from /127.0.0.1:55133 to /127.0.0.1:55134" [_thread_in_native, id=14920, stack(0x000000001bb40000,0x000000001bc40000)]
  0x000000001919f800 JavaThread "Daemon" [_thread_blocked, id=14916, stack(0x000000001ba40000,0x000000001bb40000)]
  0x0000000018ec9000 JavaThread "Daemon periodic checks" [_thread_blocked, id=14912, stack(0x000000001b940000,0x000000001ba40000)]
  0x00000000199da000 JavaThread "Incoming local TCP Connector on port 55133" [_thread_in_native, id=14908, stack(0x000000001b790000,0x000000001b890000)]
  0x0000000019ec8800 JavaThread "Daemon health stats" [_thread_blocked, id=14904, stack(0x000000001b490000,0x000000001b590000)]
  0x0000000018271000 JavaThread "Service Thread" daemon [_thread_blocked, id=14860, stack(0x0000000018af0000,0x0000000018bf0000)]
  0x0000000016e46000 JavaThread "C1 CompilerThread2" daemon [_thread_blocked, id=14856, stack(0x00000000189f0000,0x0000000018af0000)]
  0x0000000016e43000 JavaThread "C2 CompilerThread1" daemon [_thread_in_native, id=14852, stack(0x00000000188f0000,0x00000000189f0000)]
=>0x0000000016e3c800 JavaThread "C2 CompilerThread0" daemon [_thread_in_native, id=14848, stack(0x00000000187f0000,0x00000000188f0000)]
  0x0000000016e8e800 JavaThread "Attach Listener" daemon [_thread_blocked, id=14844, stack(0x00000000186f0000,0x00000000187f0000)]
  0x0000000016e2a800 JavaThread "Signal Dispatcher" daemon [_thread_blocked, id=14840, stack(0x00000000185f0000,0x00000000186f0000)]
  0x00000000034bc800 JavaThread "Finalizer" daemon [_thread_blocked, id=14824, stack(0x0000000018090000,0x0000000018190000)]
  0x00000000034b4800 JavaThread "Reference Handler" daemon [_thread_blocked, id=14820, stack(0x0000000017f90000,0x0000000018090000)]
  0x0000000002f0e800 JavaThread "main" [_thread_blocked, id=14796, stack(0x0000000002f10000,0x0000000003010000)]

Other Threads:
  0x0000000016df6800 VMThread [stack: 0x0000000017e90000,0x0000000017f90000] [id=14816]
  0x000000001827b800 WatcherThread [stack: 0x0000000018bf0000,0x0000000018cf0000] [id=14864]

VM state:not at safepoint (normal execution)

VM Mutex/Monitor currently owned by a thread: None

heap address: 0x00000000a0000000, size: 1536 MB, Compressed Oops mode: 32-bit
Narrow klass base: 0x0000000000000000, Narrow klass shift: 3
Compressed class space size: 1073741824 Address: 0x0000000100000000

Heap:
 PSYoungGen      total 144896K, used 36690K [0x00000000e0000000, 0x00000000ea600000, 0x0000000100000000)
  eden space 133120K, 18% used [0x00000000e0000000,0x00000000e185c680,0x00000000e8200000)
  from space 11776K, 99% used [0x00000000e9a80000,0x00000000ea5f8190,0x00000000ea600000)
  to   space 13824K, 0% used [0x00000000e8b00000,0x00000000e8b00000,0x00000000e9880000)
 ParOldGen       total 91648K, used 20488K [0x00000000a0000000, 0x00000000a5980000, 0x00000000e0000000)
  object space 91648K, 22% used [0x00000000a0000000,0x00000000a1402050,0x00000000a5980000)
 Metaspace       used 47890K, capacity 49232K, committed 49280K, reserved 1091584K
  class space    used 6431K, capacity 6773K, committed 6784K, reserved 1048576K

Card table byte_map: [0x0000000012880000,0x0000000012b90000] byte_map_base: 0x0000000012380000

Marking Bits: (ParMarkBitMap*) 0x000000006c5a9f30
 Begin Bits: [0x0000000013190000, 0x0000000014990000)
 End Bits:   [0x0000000014990000, 0x0000000016190000)

Polling page: 0x0000000002ec0000

CodeCache: size=245760Kb used=13302Kb max_used=13302Kb free=232457Kb
 bounds [0x00000000034c0000, 0x00000000041d0000, 0x00000000124c0000]
 total_blobs=4697 nmethods=3931 adapters=678
 compilation: enabled

Compilation events (10 events):
Event: 11.176 Thread 0x0000000016e46000 4253       3       com.google.common.collect.ImmutableMap$Builder::sortEntries (156 bytes)
Event: 11.178 Thread 0x0000000016e46000 nmethod 4253 0x00000000041bfd50 code [0x00000000041bffe0, 0x00000000041c12d8]
Event: 11.178 Thread 0x0000000016e46000 4254       3       org.gradle.internal.service.DefaultServiceRegistry::get (44 bytes)
Event: 11.179 Thread 0x0000000016e46000 nmethod 4254 0x00000000041c1c10 code [0x00000000041c1ee0, 0x00000000041c3348]
Event: 11.179 Thread 0x0000000016e46000 4255       3       org.gradle.api.internal.tasks.DefaultTaskContainer_Decorated::getMutationGuard (37 bytes)
Event: 11.180 Thread 0x0000000016e46000 nmethod 4255 0x00000000041c3f10 code [0x00000000041c4100, 0x00000000041c4aa8]
Event: 11.180 Thread 0x0000000016e46000 4256       3       jdk.internal.org.objectweb.asm.MethodVisitor::visitVarInsn (17 bytes)
Event: 11.181 Thread 0x0000000016e46000 nmethod 4256 0x00000000041c4e50 code [0x00000000041c4fc0, 0x00000000041c5228]
Event: 11.181 Thread 0x0000000016e46000 4257       3       sun.invoke.util.VerifyAccess::isMemberAccessible (261 bytes)
Event: 11.183 Thread 0x0000000016e46000 nmethod 4257 0x00000000041c5310 code [0x00000000041c55e0, 0x00000000041c6b98]

GC Heap History (10 events):
Event: 6.231 GC heap before
{Heap before GC invocations=8 (full 1):
 PSYoungGen      total 76288K, used 65536K [0x00000000e0000000, 0x00000000e5500000, 0x0000000100000000)
  eden space 65536K, 100% used [0x00000000e0000000,0x00000000e4000000,0x00000000e4000000)
  from space 10752K, 0% used [0x00000000e4a80000,0x00000000e4a80000,0x00000000e5500000)
  to   space 10752K, 0% used [0x00000000e4000000,0x00000000e4000000,0x00000000e4a80000)
 ParOldGen       total 60928K, used 11461K [0x00000000a0000000, 0x00000000a3b80000, 0x00000000e0000000)
  object space 60928K, 18% used [0x00000000a0000000,0x00000000a0b314a8,0x00000000a3b80000)
 Metaspace       used 29096K, capacity 29700K, committed 30080K, reserved 1075200K
  class space    used 3927K, capacity 4102K, committed 4224K, reserved 1048576K
Event: 6.243 GC heap after
Heap after GC invocations=8 (full 1):
 PSYoungGen      total 76288K, used 8042K [0x00000000e0000000, 0x00000000e7c80000, 0x0000000100000000)
  eden space 65536K, 0% used [0x00000000e0000000,0x00000000e0000000,0x00000000e4000000)
  from space 10752K, 74% used [0x00000000e4000000,0x00000000e47dab28,0x00000000e4a80000)
  to   space 10752K, 0% used [0x00000000e7200000,0x00000000e7200000,0x00000000e7c80000)
 ParOldGen       total 60928K, used 11469K [0x00000000a0000000, 0x00000000a3b80000, 0x00000000e0000000)
  object space 60928K, 18% used [0x00000000a0000000,0x00000000a0b334a8,0x00000000a3b80000)
 Metaspace       used 29096K, capacity 29700K, committed 30080K, reserved 1075200K
  class space    used 3927K, capacity 4102K, committed 4224K, reserved 1048576K
}
Event: 6.944 GC heap before
{Heap before GC invocations=9 (full 1):
 PSYoungGen      total 76288K, used 73578K [0x00000000e0000000, 0x00000000e7c80000, 0x0000000100000000)
  eden space 65536K, 100% used [0x00000000e0000000,0x00000000e4000000,0x00000000e4000000)
  from space 10752K, 74% used [0x00000000e4000000,0x00000000e47dab28,0x00000000e4a80000)
  to   space 10752K, 0% used [0x00000000e7200000,0x00000000e7200000,0x00000000e7c80000)
 ParOldGen       total 60928K, used 11469K [0x00000000a0000000, 0x00000000a3b80000, 0x00000000e0000000)
  object space 60928K, 18% used [0x00000000a0000000,0x00000000a0b334a8,0x00000000a3b80000)
 Metaspace       used 32302K, capacity 32866K, committed 33152K, reserved 1077248K
  class space    used 4455K, capacity 4624K, committed 4736K, reserved 1048576K
Event: 6.963 GC heap after
Heap after GC invocations=9 (full 1):
 PSYoungGen      total 116736K, used 8448K [0x00000000e0000000, 0x00000000e7e80000, 0x0000000100000000)
  eden space 105984K, 0% used [0x00000000e0000000,0x00000000e0000000,0x00000000e6780000)
  from space 10752K, 78% used [0x00000000e7200000,0x00000000e7a40288,0x00000000e7c80000)
  to   space 10752K, 0% used [0x00000000e6780000,0x00000000e6780000,0x00000000e7200000)
 ParOldGen       total 60928K, used 11477K [0x00000000a0000000, 0x00000000a3b80000, 0x00000000e0000000)
  object space 60928K, 18% used [0x00000000a0000000,0x00000000a0b354a8,0x00000000a3b80000)
 Metaspace       used 32302K, capacity 32866K, committed 33152K, reserved 1077248K
  class space    used 4455K, capacity 4624K, committed 4736K, reserved 1048576K
}
Event: 8.660 GC heap before
{Heap before GC invocations=10 (full 1):
 PSYoungGen      total 116736K, used 57752K [0x00000000e0000000, 0x00000000e7e80000, 0x0000000100000000)
  eden space 105984K, 46% used [0x00000000e0000000,0x00000000e3025dc0,0x00000000e6780000)
  from space 10752K, 78% used [0x00000000e7200000,0x00000000e7a40288,0x00000000e7c80000)
  to   space 10752K, 0% used [0x00000000e6780000,0x00000000e6780000,0x00000000e7200000)
 ParOldGen       total 60928K, used 11477K [0x00000000a0000000, 0x00000000a3b80000, 0x00000000e0000000)
  object space 60928K, 18% used [0x00000000a0000000,0x00000000a0b354a8,0x00000000a3b80000)
 Metaspace       used 34676K, capacity 35380K, committed 35456K, reserved 1079296K
  class space    used 4773K, capacity 4956K, committed 4992K, reserved 1048576K
Event: 8.687 GC heap after
Heap after GC invocations=10 (full 1):
 PSYoungGen      total 116736K, used 10424K [0x00000000e0000000, 0x00000000ea600000, 0x0000000100000000)
  eden space 105984K, 0% used [0x00000000e0000000,0x00000000e0000000,0x00000000e6780000)
  from space 10752K, 96% used [0x00000000e6780000,0x00000000e71ae268,0x00000000e7200000)
  to   space 11776K, 0% used [0x00000000e9a80000,0x00000000e9a80000,0x00000000ea600000)
 ParOldGen       total 60928K, used 11485K [0x00000000a0000000, 0x00000000a3b80000, 0x00000000e0000000)
  object space 60928K, 18% used [0x00000000a0000000,0x00000000a0b374a8,0x00000000a3b80000)
 Metaspace       used 34676K, capacity 35380K, committed 35456K, reserved 1079296K
  class space    used 4773K, capacity 4956K, committed 4992K, reserved 1048576K
}
Event: 8.687 GC heap before
{Heap before GC invocations=11 (full 2):
 PSYoungGen      total 116736K, used 10424K [0x00000000e0000000, 0x00000000ea600000, 0x0000000100000000)
  eden space 105984K, 0% used [0x00000000e0000000,0x00000000e0000000,0x00000000e6780000)
  from space 10752K, 96% used [0x00000000e6780000,0x00000000e71ae268,0x00000000e7200000)
  to   space 11776K, 0% used [0x00000000e9a80000,0x00000000e9a80000,0x00000000ea600000)
 ParOldGen       total 60928K, used 11485K [0x00000000a0000000, 0x00000000a3b80000, 0x00000000e0000000)
  object space 60928K, 18% used [0x00000000a0000000,0x00000000a0b374a8,0x00000000a3b80000)
 Metaspace       used 34676K, capacity 35380K, committed 35456K, reserved 1079296K
  class space    used 4773K, capacity 4956K, committed 4992K, reserved 1048576K
Event: 8.821 GC heap after
Heap after GC invocations=11 (full 2):
 PSYoungGen      total 116736K, used 0K [0x00000000e0000000, 0x00000000ea600000, 0x0000000100000000)
  eden space 105984K, 0% used [0x00000000e0000000,0x00000000e0000000,0x00000000e6780000)
  from space 10752K, 0% used [0x00000000e6780000,0x00000000e6780000,0x00000000e7200000)
  to   space 11776K, 0% used [0x00000000e9a80000,0x00000000e9a80000,0x00000000ea600000)
 ParOldGen       total 91648K, used 17680K [0x00000000a0000000, 0x00000000a5980000, 0x00000000e0000000)
  object space 91648K, 19% used [0x00000000a0000000,0x00000000a1144148,0x00000000a5980000)
 Metaspace       used 34676K, capacity 35380K, committed 35456K, reserved 1079296K
  class space    used 4773K, capacity 4956K, committed 4992K, reserved 1048576K
}
Event: 10.596 GC heap before
{Heap before GC invocations=12 (full 2):
 PSYoungGen      total 116736K, used 105984K [0x00000000e0000000, 0x00000000ea600000, 0x0000000100000000)
  eden space 105984K, 100% used [0x00000000e0000000,0x00000000e6780000,0x00000000e6780000)
  from space 10752K, 0% used [0x00000000e6780000,0x00000000e6780000,0x00000000e7200000)
  to   space 11776K, 0% used [0x00000000e9a80000,0x00000000e9a80000,0x00000000ea600000)
 ParOldGen       total 91648K, used 17680K [0x00000000a0000000, 0x00000000a5980000, 0x00000000e0000000)
  object space 91648K, 19% used [0x00000000a0000000,0x00000000a1144148,0x00000000a5980000)
 Metaspace       used 45420K, capacity 46392K, committed 46592K, reserved 1089536K
  class space    used 6109K, capacity 6384K, committed 6400K, reserved 1048576K
Event: 10.615 GC heap after
Heap after GC invocations=12 (full 2):
 PSYoungGen      total 144896K, used 11744K [0x00000000e0000000, 0x00000000ea600000, 0x0000000100000000)
  eden space 133120K, 0% used [0x00000000e0000000,0x00000000e0000000,0x00000000e8200000)
  from space 11776K, 99% used [0x00000000e9a80000,0x00000000ea5f8190,0x00000000ea600000)
  to   space 13824K, 0% used [0x00000000e8b00000,0x00000000e8b00000,0x00000000e9880000)
 ParOldGen       total 91648K, used 20488K [0x00000000a0000000, 0x00000000a5980000, 0x00000000e0000000)
  object space 91648K, 22% used [0x00000000a0000000,0x00000000a1402050,0x00000000a5980000)
 Metaspace       used 45420K, capacity 46392K, committed 46592K, reserved 1089536K
  class space    used 6109K, capacity 6384K, committed 6400K, reserved 1048576K
}

Deoptimization events (10 events):
Event: 9.890 Thread 0x00000000198a8800 Uncommon trap: reason=unstable_if action=reinterpret pc=0x0000000003f1e700 method=java.util.jar.JarFile.maybeInstantiateVerifier()V @ 4
Event: 9.890 Thread 0x00000000198a8800 Uncommon trap: reason=unstable_if action=reinterpret pc=0x00000000039a9b70 method=java.util.jar.JarFile.maybeInstantiateVerifier()V @ 4
Event: 9.891 Thread 0x00000000198a8800 Uncommon trap: reason=unstable_if action=reinterpret pc=0x0000000003fac870 method=java.security.CodeSource.matchCerts(Ljava/security/CodeSource;Z)Z @ 11
Event: 9.891 Thread 0x00000000198a8800 Uncommon trap: reason=unstable_if action=reinterpret pc=0x0000000003a33450 method=java.security.CodeSource.getCertificates()[Ljava/security/cert/Certificate; @ 4
Event: 9.891 Thread 0x00000000198a8800 Uncommon trap: reason=unstable_if action=reinterpret pc=0x0000000003fac4ec method=java.security.CodeSource.getCertificates()[Ljava/security/cert/Certificate; @ 4
Event: 9.911 Thread 0x00000000198a8800 Uncommon trap: reason=unstable_if action=reinterpret pc=0x0000000003f60f40 method=java.util.LinkedHashMap.get(Ljava/lang/Object;)Ljava/lang/Object; @ 20
Event: 9.959 Thread 0x00000000198a8800 Uncommon trap: reason=unstable_if action=reinterpret pc=0x0000000003fa9934 method=java.security.CodeSource.matchCerts(Ljava/security/CodeSource;Z)Z @ 11
Event: 9.996 Thread 0x00000000198a8800 Uncommon trap: reason=unstable_if action=reinterpret pc=0x0000000003d68c64 method=org.objectweb.asm.ByteVector.putUTF8(Ljava/lang/String;)Lorg/objectweb/asm/ByteVector; @ 93
Event: 10.509 Thread 0x00000000198a8800 Uncommon trap: reason=unstable_if action=reinterpret pc=0x0000000003d56f20 method=org.gradle.internal.reflect.PropertyAccessorType.of(Ljava/lang/reflect/Method;)Lorg/gradle/internal/reflect/PropertyAccessorType; @ 56
Event: 10.840 Thread 0x00000000198a8800 Uncommon trap: reason=unstable_if action=reinterpret pc=0x00000000040844e4 method=org.gradle.internal.instantiation.AbstractClassGenerator$InjectionAnnotationValidator.validateMethod(Ljava/lang/reflect/Method;Lorg/gradle/internal/reflect/PropertyAccessorT

Classes redefined (0 events):
No events

Internal exceptions (10 events):
Event: 10.705 Thread 0x00000000198a8800 Exception <a 'java/lang/ClassNotFoundException': org/gradle/api/internal/file/CompositeFileTreeCustomizer> (0x00000000e0a93968) thrown at [D:\src\AOSP-openjdk-cygwin\jdk8u\hotspot\src\share\vm\classfile\systemDictionary.cpp, line 210]
Event: 10.707 Thread 0x00000000198a8800 Exception <a 'java/lang/ClassNotFoundException': org/gradle/api/internal/file/collections/DefaultConfigurableFileTreeCustomizer> (0x00000000e0ae23b8) thrown at [D:\src\AOSP-openjdk-cygwin\jdk8u\hotspot\src\share\vm\classfile\systemDictionary.cpp, line 210
Event: 11.078 Thread 0x00000000198a8800 Exception <a 'java/lang/ClassNotFoundException': org/gradle/api/plugins/internal/DefaultBasePluginConventionBeanInfo> (0x00000000e132f330) thrown at [D:\src\AOSP-openjdk-cygwin\jdk8u\hotspot\src\share\vm\classfile\systemDictionary.cpp, line 210]
Event: 11.079 Thread 0x00000000198a8800 Exception <a 'java/lang/ClassNotFoundException': org/gradle/api/plugins/BasePluginConventionBeanInfo> (0x00000000e1354f90) thrown at [D:\src\AOSP-openjdk-cygwin\jdk8u\hotspot\src\share\vm\classfile\systemDictionary.cpp, line 210]
Event: 11.080 Thread 0x00000000198a8800 Exception <a 'java/lang/ClassNotFoundException': org/gradle/api/plugins/BasePluginConventionCustomizer> (0x00000000e137b548) thrown at [D:\src\AOSP-openjdk-cygwin\jdk8u\hotspot\src\share\vm\classfile\systemDictionary.cpp, line 210]
Event: 11.081 Thread 0x00000000198a8800 Exception <a 'java/lang/ClassNotFoundException': org/gradle/api/plugins/internal/DefaultBasePluginConventionCustomizer> (0x00000000e13baec8) thrown at [D:\src\AOSP-openjdk-cygwin\jdk8u\hotspot\src\share\vm\classfile\systemDictionary.cpp, line 210]
Event: 11.090 Thread 0x00000000198a8800 Exception <a 'java/lang/NoSuchMethodError': java.lang.Object.lambda$comparing$77a9974f$1(Ljava/util/function/Function;Ljava/lang/Object;Ljava/lang/Object;)I> (0x00000000e1434488) thrown at [D:\src\AOSP-openjdk-cygwin\jdk8u\hotspot\src\share\vm\interpreter
Event: 11.091 Thread 0x00000000198a8800 Exception <a 'java/lang/NoSuchMethodError': java.lang.Object.lambda$comparingInt$7b0bb60$1(Ljava/util/function/ToIntFunction;Ljava/lang/Object;Ljava/lang/Object;)I> (0x00000000e143ea70) thrown at [D:\src\AOSP-openjdk-cygwin\jdk8u\hotspot\src\share\vm\inte
Event: 11.093 Thread 0x00000000198a8800 Exception <a 'java/lang/NoSuchMethodError': java.lang.Object.lambda$thenComparing$36697e65$1(Ljava/util/Comparator;Ljava/lang/Object;Ljava/lang/Object;)I> (0x00000000e14475f8) thrown at [D:\src\AOSP-openjdk-cygwin\jdk8u\hotspot\src\share\vm\interpreter\li
Event: 11.095 Thread 0x00000000198a8800 Exception <a 'java/lang/NoSuchMethodError': java.lang.Object.lambda$comparing$ea9a8b3a$1(Ljava/util/Comparator;Ljava/util/function/Function;Ljava/lang/Object;Ljava/lang/Object;)I> (0x00000000e14550a8) thrown at [D:\src\AOSP-openjdk-cygwin\jdk8u\hotspot\sr

Events (10 events):
Event: 11.185 loading class com/android/build/gradle/internal/scope/VariantScope
Event: 11.185 loading class com/android/build/gradle/internal/scope/VariantScope done
Event: 11.185 loading class com/android/build/gradle/internal/scope/VariantScope
Event: 11.185 loading class com/android/build/gradle/internal/scope/VariantScope done
Event: 11.185 loading class com/android/build/gradle/internal/scope/VariantScope
Event: 11.185 loading class com/android/build/gradle/internal/scope/VariantScope done
Event: 11.186 loading class com/android/build/gradle/internal/scope/VariantScope
Event: 11.186 loading class com/android/build/gradle/internal/scope/VariantScope done
Event: 11.186 loading class com/android/build/gradle/internal/scope/VariantScope
Event: 11.186 loading class com/android/build/gradle/internal/scope/VariantScope done


Dynamic libraries:
0x00007ff6e0340000 - 0x00007ff6e0371000 	C:\Users\Lenovo\AppData\Local\JetBrains\Toolbox\apps\AndroidStudio\ch-0\191.6010548\jre\bin\java.exe
0x00007ffcee960000 - 0x00007ffceeb41000 	C:\WINDOWS\SYSTEM32\ntdll.dll
0x00007ffcebe50000 - 0x00007ffcebf01000 	C:\WINDOWS\System32\KERNEL32.DLL
0x00007ffceada0000 - 0x00007ffceb013000 	C:\WINDOWS\System32\KERNELBASE.dll
0x00007ffcee550000 - 0x00007ffcee5f1000 	C:\WINDOWS\System32\ADVAPI32.dll
0x00007ffcee470000 - 0x00007ffcee50e000 	C:\WINDOWS\System32\msvcrt.dll
0x00007ffcebde0000 - 0x00007ffcebe3b000 	C:\WINDOWS\System32\sechost.dll
0x00007ffcecb40000 - 0x00007ffcecc64000 	C:\WINDOWS\System32\RPCRT4.dll
0x00007ffcee260000 - 0x00007ffcee3f0000 	C:\WINDOWS\System32\USER32.dll
0x00007ffcead20000 - 0x00007ffcead40000 	C:\WINDOWS\System32\win32u.dll
0x00007ffcec360000 - 0x00007ffcec388000 	C:\WINDOWS\System32\GDI32.dll
0x00007ffceb730000 - 0x00007ffceb8c1000 	C:\WINDOWS\System32\gdi32full.dll
0x00007ffcebd40000 - 0x00007ffcebddf000 	C:\WINDOWS\System32\msvcp_win.dll
0x00007ffcebc40000 - 0x00007ffcebd38000 	C:\WINDOWS\System32\ucrtbase.dll
0x00007ffcdc5b0000 - 0x00007ffcdc819000 	C:\WINDOWS\WinSxS\amd64_microsoft.windows.common-controls_6595b64144ccf1df_6.0.17134.1304_none_d3fbe61b7c93d9f0\COMCTL32.dll
0x00007ffcee600000 - 0x00007ffcee921000 	C:\WINDOWS\System32\combase.dll
0x00007ffceb9d0000 - 0x00007ffceba49000 	C:\WINDOWS\System32\bcryptPrimitives.dll
0x00007ffcee510000 - 0x00007ffcee53d000 	C:\WINDOWS\System32\IMM32.DLL
0x000000006bd00000 - 0x000000006bdd2000 	C:\Users\Lenovo\AppData\Local\JetBrains\Toolbox\apps\AndroidStudio\ch-0\191.6010548\jre\jre\bin\msvcr100.dll
0x000000006bde0000 - 0x000000006c626000 	C:\Users\Lenovo\AppData\Local\JetBrains\Toolbox\apps\AndroidStudio\ch-0\191.6010548\jre\jre\bin\server\jvm.dll
0x00007ffcee540000 - 0x00007ffcee548000 	C:\WINDOWS\System32\PSAPI.DLL
0x00007ffce7780000 - 0x00007ffce77a3000 	C:\WINDOWS\SYSTEM32\WINMM.dll
0x00007ffcca020000 - 0x00007ffcca029000 	C:\WINDOWS\SYSTEM32\WSOCK32.dll
0x00007ffce1380000 - 0x00007ffce138a000 	C:\WINDOWS\SYSTEM32\VERSION.dll
0x00007ffcec940000 - 0x00007ffcec9ac000 	C:\WINDOWS\System32\WS2_32.dll
0x00007ffce7750000 - 0x00007ffce777a000 	C:\WINDOWS\SYSTEM32\winmmbase.dll
0x00007ffceb980000 - 0x00007ffceb9c9000 	C:\WINDOWS\System32\cfgmgr32.dll
0x00007ffce5530000 - 0x00007ffce553f000 	C:\Users\Lenovo\AppData\Local\JetBrains\Toolbox\apps\AndroidStudio\ch-0\191.6010548\jre\jre\bin\verify.dll
0x00007ffce4fb0000 - 0x00007ffce4fd9000 	C:\Users\Lenovo\AppData\Local\JetBrains\Toolbox\apps\AndroidStudio\ch-0\191.6010548\jre\jre\bin\java.dll
0x00007ffce0400000 - 0x00007ffce0416000 	C:\Users\Lenovo\AppData\Local\JetBrains\Toolbox\apps\AndroidStudio\ch-0\191.6010548\jre\jre\bin\zip.dll
0x00007ffcecdf0000 - 0x00007ffcee235000 	C:\WINDOWS\System32\SHELL32.dll
0x00007ffcec830000 - 0x00007ffcec8d9000 	C:\WINDOWS\System32\shcore.dll
0x00007ffceb020000 - 0x00007ffceb730000 	C:\WINDOWS\System32\windows.storage.dll
0x00007ffceca10000 - 0x00007ffceca61000 	C:\WINDOWS\System32\shlwapi.dll
0x00007ffceac80000 - 0x00007ffceac91000 	C:\WINDOWS\System32\kernel.appcore.dll
0x00007ffceaca0000 - 0x00007ffceacbf000 	C:\WINDOWS\System32\profapi.dll
0x00007ffceacc0000 - 0x00007ffcead0c000 	C:\WINDOWS\System32\powrprof.dll
0x00007ffcead10000 - 0x00007ffcead1a000 	C:\WINDOWS\System32\FLTLIB.DLL
0x00007ffcde1f0000 - 0x00007ffcde20a000 	C:\Users\Lenovo\AppData\Local\JetBrains\Toolbox\apps\AndroidStudio\ch-0\191.6010548\jre\jre\bin\net.dll
0x00007ffcea4c0000 - 0x00007ffcea526000 	C:\WINDOWS\system32\mswsock.dll
0x00007ffcd8a10000 - 0x00007ffcd8a21000 	C:\Users\Lenovo\AppData\Local\JetBrains\Toolbox\apps\AndroidStudio\ch-0\191.6010548\jre\jre\bin\nio.dll
0x00007ffcc36d0000 - 0x00007ffcc36f6000 	C:\Users\Lenovo\.gradle\native\29\windows-amd64\native-platform.dll
0x00007ffce5070000 - 0x00007ffce507d000 	C:\Users\Lenovo\AppData\Local\JetBrains\Toolbox\apps\AndroidStudio\ch-0\191.6010548\jre\jre\bin\management.dll
0x00007ffcea680000 - 0x00007ffcea697000 	C:\WINDOWS\SYSTEM32\CRYPTSP.dll
0x00007ffcea070000 - 0x00007ffcea0a3000 	C:\WINDOWS\system32\rsaenh.dll
0x00007ffcea7a0000 - 0x00007ffcea7c5000 	C:\WINDOWS\SYSTEM32\bcrypt.dll
0x00007ffceab90000 - 0x00007ffceabb8000 	C:\WINDOWS\SYSTEM32\USERENV.dll
0x00007ffcea670000 - 0x00007ffcea67b000 	C:\WINDOWS\SYSTEM32\CRYPTBASE.dll
0x00007ffcea210000 - 0x00007ffcea248000 	C:\WINDOWS\SYSTEM32\IPHLPAPI.DLL
0x00007ffcec530000 - 0x00007ffcec538000 	C:\WINDOWS\System32\NSI.dll
0x00007ffce12d0000 - 0x00007ffce12e6000 	C:\WINDOWS\SYSTEM32\dhcpcsvc6.DLL
0x00007ffce12b0000 - 0x00007ffce12ca000 	C:\WINDOWS\SYSTEM32\dhcpcsvc.DLL

VM Arguments:
jvm_args: -Xmx1536m -Dfile.encoding=GBK -Duser.country=CN -Duser.language=zh -Duser.variant 
java_command: org.gradle.launcher.daemon.bootstrap.GradleDaemon 5.4.1
java_class_path (initial): C:\Users\Lenovo\.gradle\wrapper\dists\gradle-5.4.1-all\3221gyojl5jsh0helicew7rwx\gradle-5.4.1\lib\gradle-launcher-5.4.1.jar
Launcher Type: SUN_STANDARD

Environment Variables:
JAVA_HOME=D:\Java\jdk-11.0.2
CLASSPATH=.;D:\Java\jdk-11.0.2\lib\dt.jar;D:\Java\jdk-11.0.2\lib\tools.jar;
PATH=D:\Java\jdk-11.0.2\bin;D:\Java\jdk-11.0.2\jre\bin;D:\app\QiQi\product\12.1.0\dbhome_1\bin;D:\app\QiQiiii\product\12.1.0\dbhome_1\bin;C:\Windows\system32;C:\Windows;C:\Windows\System32\Wbem;C:\Windows\System32\WindowsPowerShell\v1.0\;C:\Program Files (x86)\NVIDIA Corporation\PhysX\Common;C:\WINDOWS\system32;C:\WINDOWS;C:\WINDOWS\System32\Wbem;C:\WINDOWS\System32\WindowsPowerShell\v1.0\;C:\Program Files\dotnet\;C:\Users\Lenovo\Desktop\cocos2d-x-3.17\tools\cocos2d-console\bin;C:\Python27;C:\WINDOWS\System32\OpenSSH\;D:\python;D:\Git\Git\cmd;C:\Program Files\NVIDIA Corporation\NVIDIA NvDLISR;D:\Documents\nodejs\;C:\Windows\Microsoft.NET\Framework\v4.0.30319;D:\python\Scripts\;D:\python\;C:\Users\Lenovo\AppData\Local\Microsoft\WindowsApps;C:\Users\Lenovo\AppData\Local\GitHubDesktop\bin;C:\Users\Lenovo\Desktop\cocos2d-x-3.17\tools\cocos2d-console\bin;C:\Python27;C:\Users\Lenovo\AppData\Local\Microsoft\WindowsApps;C:\Users\Lenovo\.dotnet\tools;D:\pycharm\PyCharm 2019.1.1\bin;;D:\WebStorm\WebStorm 2019.1.3\bin;;C:\Users\Lenovo\AppData\Roaming\npm;
USERNAME=Lenovo
OS=Windows_NT
PROCESSOR_IDENTIFIER=Intel64 Family 6 Model 142 Stepping 9, GenuineIntel



---------------  S Y S T E M  ---------------

OS: Windows 10.0 , 64 bit Build 17134 (10.0.17134.753)

CPU:total 4 (initial active 4) (2 cores per cpu, 2 threads per core) family 6 model 142 stepping 9, cmov, cx8, fxsr, mmx, sse, sse2, sse3, ssse3, sse4.1, sse4.2, popcnt, avx, avx2, aes, clmul, erms, 3dnowpref, lzcnt, ht, tsc, tscinvbit, bmi1, bmi2, adx

Memory: 4k page, physical 8243596k(1320792k free), swap 8243596k(5248k free)

vm_info: OpenJDK 64-Bit Server VM (25.202-b03) for windows-amd64 JRE (1.8.0_202-release-1483-b03), built by "builder" with MS VC++ 10.0 (VS2010)

time: Thu May 14 13:09:55 2020
timezone: 中国标准时间
elapsed time: 11 seconds (0d 0h 0m 11s)

